0 info it worked if it ends with ok
1 verbose cli [ '/usr/local/Cellar/node/0.10.6/bin/node',
1 verbose cli   '/usr/local/bin/npm',
1 verbose cli   'publish' ]
2 info using npm@1.2.18
3 info using node@v0.10.6
4 verbose publish [ '.' ]
5 verbose read json /Users/knut/Projects/sanguine/example/package.json
6 error Error: No version provided
6 error     at needVersion (/usr/local/Cellar/node/0.10.6/lib/node_modules/npm/lib/publish.js:112:40)
6 error     at /usr/local/Cellar/node/0.10.6/lib/node_modules/npm/lib/publish.js:35:10
6 error     at /usr/local/Cellar/node/0.10.6/lib/node_modules/npm/node_modules/read-package-json/read-json.js:79:40
6 error     at final (/usr/local/Cellar/node/0.10.6/lib/node_modules/npm/node_modules/read-package-json/read-json.js:348:17)
6 error     at /usr/local/Cellar/node/0.10.6/lib/node_modules/npm/node_modules/read-package-json/read-json.js:139:33
6 error     at cb (/usr/local/Cellar/node/0.10.6/lib/node_modules/npm/node_modules/slide/lib/async-map.js:48:11)
6 error     at /usr/local/Cellar/node/0.10.6/lib/node_modules/npm/node_modules/read-package-json/read-json.js:251:40
6 error     at fs.js:266:14
6 error     at Object.oncomplete (fs.js:107:15)
7 error If you need help, you may report this log at:
7 error     <http://github.com/isaacs/npm/issues>
7 error or email it to:
7 error     <npm-@googlegroups.com>
8 error System Darwin 12.3.0
9 error command "/usr/local/Cellar/node/0.10.6/bin/node" "/usr/local/bin/npm" "publish"
10 error cwd /Users/knut/Projects/sanguine/example
11 error node -v v0.10.6
12 error npm -v 1.2.18
13 verbose exit [ 1, true ]
