0 info it worked if it ends with ok
1 verbose cli [ 'node', '/usr/local/bin/npm', 'install', './', '-g' ]
2 info using npm@1.1.48
3 info using node@v0.8.6
4 verbose config file /Users/knut/.npmrc
5 verbose config file /usr/local/etc/npmrc
6 verbose config file /usr/local/lib/node_modules/npm/npmrc
7 verbose read json /usr/local/lib/package.json
8 verbose read json /usr/local/lib/package.json
9 verbose cache add [ './', null ]
10 silly cache add name=undefined spec="./" args=["./",null]
11 verbose parsed url { pathname: './', path: './', href: './' }
12 silly lockFile 0ee6c175- ./
13 verbose lock ./ /Users/knut/.npm/0ee6c175-.lock
14 verbose read json package.json
15 verbose tar pack [ '/var/folders/l8/tsytnqv107n9qck68m6l523c0000gn/T/npm-26993/1349945517621-0.7136448847595602/tmp.tgz',
15 verbose tar pack   './' ]
16 verbose tarball /var/folders/l8/tsytnqv107n9qck68m6l523c0000gn/T/npm-26993/1349945517621-0.7136448847595602/tmp.tgz
17 verbose folder ./
18 info prepublish sanguine@0.0.3
19 silly lockFile aae9acea-17621-0-7136448847595602-tmp-tgz /var/folders/l8/tsytnqv107n9qck68m6l523c0000gn/T/npm-26993/1349945517621-0.7136448847595602/tmp.tgz
20 verbose lock /var/folders/l8/tsytnqv107n9qck68m6l523c0000gn/T/npm-26993/1349945517621-0.7136448847595602/tmp.tgz /Users/knut/.npm/aae9acea-17621-0-7136448847595602-tmp-tgz.lock
21 silly lockFile aae9acea-17621-0-7136448847595602-tmp-tgz /var/folders/l8/tsytnqv107n9qck68m6l523c0000gn/T/npm-26993/1349945517621-0.7136448847595602/tmp.tgz
22 verbose tar unpack /var/folders/l8/tsytnqv107n9qck68m6l523c0000gn/T/npm-26993/1349945517621-0.7136448847595602/tmp.tgz
23 silly lockFile 29949579-17621-0-7136448847595602-package /var/folders/l8/tsytnqv107n9qck68m6l523c0000gn/T/npm-26993/1349945517621-0.7136448847595602/package
24 verbose lock /var/folders/l8/tsytnqv107n9qck68m6l523c0000gn/T/npm-26993/1349945517621-0.7136448847595602/package /Users/knut/.npm/29949579-17621-0-7136448847595602-package.lock
25 silly gunzTarPerm modes [ '755', '644' ]
26 silly gunzTarPerm extractEntry package.json
27 silly gunzTarPerm extractEntry .npmignore
28 silly gunzTarPerm extractEntry README.md
29 silly gunzTarPerm extractEntry index.js
30 silly gunzTarPerm extractEntry bin/sanguine
31 silly gunzTarPerm extractEntry buddy.json
32 silly gunzTarPerm extractEntry lib/sanguine.js
33 silly gunzTarPerm extractEntry sanguine.json
34 silly gunzTarPerm extractEntry src/sanguine.coffee
35 verbose read json /var/folders/l8/tsytnqv107n9qck68m6l523c0000gn/T/npm-26993/1349945517621-0.7136448847595602/package/package.json
36 silly lockFile 29949579-17621-0-7136448847595602-package /var/folders/l8/tsytnqv107n9qck68m6l523c0000gn/T/npm-26993/1349945517621-0.7136448847595602/package
37 verbose from cache /var/folders/l8/tsytnqv107n9qck68m6l523c0000gn/T/npm-26993/1349945517621-0.7136448847595602/package/package.json
38 verbose tar pack [ '/Users/knut/.npm/sanguine/0.0.3/package.tgz',
38 verbose tar pack   '/var/folders/l8/tsytnqv107n9qck68m6l523c0000gn/T/npm-26993/1349945517621-0.7136448847595602/package' ]
39 verbose tarball /Users/knut/.npm/sanguine/0.0.3/package.tgz
40 verbose folder /var/folders/l8/tsytnqv107n9qck68m6l523c0000gn/T/npm-26993/1349945517621-0.7136448847595602/package
41 silly lockFile 314f6c59-t-npm-sanguine-0-0-3-package-tgz /Users/knut/.npm/sanguine/0.0.3/package.tgz
42 verbose lock /Users/knut/.npm/sanguine/0.0.3/package.tgz /Users/knut/.npm/314f6c59-t-npm-sanguine-0-0-3-package-tgz.lock
43 silly lockFile 314f6c59-t-npm-sanguine-0-0-3-package-tgz /Users/knut/.npm/sanguine/0.0.3/package.tgz
44 silly lockFile 603430ca--knut-npm-sanguine-0-0-3-package /Users/knut/.npm/sanguine/0.0.3/package
45 verbose lock /Users/knut/.npm/sanguine/0.0.3/package /Users/knut/.npm/603430ca--knut-npm-sanguine-0-0-3-package.lock
46 silly lockFile 603430ca--knut-npm-sanguine-0-0-3-package /Users/knut/.npm/sanguine/0.0.3/package
47 verbose tar unpack /Users/knut/.npm/sanguine/0.0.3/package.tgz
48 silly lockFile 603430ca--knut-npm-sanguine-0-0-3-package /Users/knut/.npm/sanguine/0.0.3/package
49 verbose lock /Users/knut/.npm/sanguine/0.0.3/package /Users/knut/.npm/603430ca--knut-npm-sanguine-0-0-3-package.lock
50 silly gunzTarPerm modes [ '755', '644' ]
51 silly gunzTarPerm extractEntry package.json
52 silly gunzTarPerm extractEntry .npmignore
53 silly gunzTarPerm extractEntry README.md
54 silly gunzTarPerm extractEntry index.js
55 silly gunzTarPerm extractEntry bin/sanguine
56 silly gunzTarPerm extractEntry buddy.json
57 silly gunzTarPerm extractEntry lib/sanguine.js
58 silly gunzTarPerm extractEntry sanguine.json
59 silly gunzTarPerm extractEntry src/sanguine.coffee
60 verbose read json /Users/knut/.npm/sanguine/0.0.3/package/package.json
61 silly lockFile 603430ca--knut-npm-sanguine-0-0-3-package /Users/knut/.npm/sanguine/0.0.3/package
62 silly shasum updated bytes 4766
63 info shasum 1fce625b69273e1b56e992a9fdd546139f4e6cf4
63 info shasum /Users/knut/.npm/sanguine/0.0.3/package.tgz
64 verbose from cache /Users/knut/.npm/sanguine/0.0.3/package/package.json
65 verbose chmod /Users/knut/.npm/sanguine/0.0.3/package.tgz 644
66 verbose chown /Users/knut/.npm/sanguine/0.0.3/package.tgz [ 501, 20 ]
67 silly lockFile 0ee6c175- ./
68 silly resolved [ { name: 'sanguine',
68 silly resolved     description: 'An image build system for creating optimized png\'s, jpg\'s for normal and retina screens.',
68 silly resolved     version: '0.0.3',
68 silly resolved     private: false,
68 silly resolved     main: './index',
68 silly resolved     author: { name: 'Knut Skaala', email: 'knut@apt.no' },
68 silly resolved     dependencies:
68 silly resolved      { underscore: '~1.4.1',
68 silly resolved        easyimage: '~0.1.3',
68 silly resolved        commander: '~1.0.4' },
68 silly resolved     devDependencies: { buddy: '~0.4.0' },
68 silly resolved     preferGlobal: 'true',
68 silly resolved     bin: { sanguine: './bin/sanguine' },
68 silly resolved     repository:
68 silly resolved      { type: 'git',
68 silly resolved        url: 'git://github.com/superunrelated/sanguine.git' },
68 silly resolved     readme: '# Sanguine\n\nAn image build system for creating optimized png\'s, jpg\'s for normal and retina screens. \n\n## Installation\n\nInstall imagemagick\n```bash\n$ brew install imagemagick\n```\n\nInstall pngquant\n```url\nhttp://www.libpng.org/pub/png/apps/pngquant.html\n```\n\nThen\n```bash\n$ npm -g install sanguine\n```\n\n## Use\n\n```bash\n$ sanguine path/to/my/project\n```\n\n### Configuration\n\nAdd a sanguine.json file to your project:\n\n```json\n[\n  {\n    "source" : "images/card",\n    "target" : "www/assets/images/card",\n    "colors" : [64],\n    "jpg" : [60],\n    "embelish" : true\n  }\n]\n```',
68 silly resolved     _id: 'sanguine@0.0.3',
68 silly resolved     dist: { shasum: '1fce625b69273e1b56e992a9fdd546139f4e6cf4' },
68 silly resolved     _from: './' } ]
69 info install sanguine@0.0.3 into /usr/local/lib
70 info installOne sanguine@0.0.3
71 verbose from cache /Users/knut/.npm/sanguine/0.0.3/package/package.json
72 info /usr/local/lib/node_modules/sanguine unbuild
73 verbose read json /usr/local/lib/node_modules/sanguine/package.json
74 info preuninstall sanguine@0.0.3
75 info uninstall sanguine@0.0.3
76 verbose true,/usr/local/lib/node_modules,/usr/local/lib/node_modules unbuild sanguine@0.0.3
77 verbose /usr/local/bin,[object Object] binRoot
78 info /usr/local/lib/node_modules/sanguine unbuild
79 verbose read json /usr/local/lib/node_modules/sanguine/package.json
80 info preuninstall sanguine@0.0.3
81 info uninstall sanguine@0.0.3
82 verbose true,/usr/local/lib/node_modules,/usr/local/lib/node_modules unbuild sanguine@0.0.3
83 verbose /usr/local/bin,[object Object] binRoot
84 error error rolling back Error: EPERM, chmod '/usr/local/bin/sanguine'
84 error error rolling back  sanguine@0.0.3 { [Error: EPERM, chmod '/usr/local/bin/sanguine'] errno: 50, code: 'EPERM', path: '/usr/local/bin/sanguine' }
85 error Error: EPERM, chmod '/usr/local/bin/sanguine'
85 error  { [Error: EPERM, chmod '/usr/local/bin/sanguine'] errno: 50, code: 'EPERM', path: '/usr/local/bin/sanguine' }
86 error Please try running this command again as root/Administrator.
87 error System Darwin 11.4.2
88 error command "node" "/usr/local/bin/npm" "install" "./" "-g"
89 error cwd /Users/knut/Projects/sanguine
90 error node -v v0.8.6
91 error npm -v 1.1.48
92 error path /usr/local/bin/sanguine
93 error code EPERM
94 error errno 50
95 error stack Error: EPERM, chmod '/usr/local/bin/sanguine'
96 verbose exit [ 50, true ]
